d:\users\zzl\documents\github\designpattern_2022\code\design_pattern_2022\design_pattern_2022\x64\debug\vc143.pdb
d:\users\zzl\documents\github\designpattern_2022\code\design_pattern_2022\design_pattern_2022\x64\debug\vc143.idb
d:\users\zzl\documents\github\designpattern_2022\code\design_pattern_2022\design_pattern_2022\x64\debug\flyweight.obj
d:\users\zzl\documents\github\designpattern_2022\code\design_pattern_2022\design_pattern_2022\x64\debug\farmstocking.obj
d:\users\zzl\documents\github\designpattern_2022\code\design_pattern_2022\design_pattern_2022\x64\debug\db_init.obj
d:\users\zzl\documents\github\designpattern_2022\code\design_pattern_2022\design_pattern_2022\x64\debug\farmingdaoimpl.obj
d:\users\zzl\documents\github\designpattern_2022\code\design_pattern_2022\design_pattern_2022\x64\debug\factory.obj
d:\users\zzl\documents\github\designpattern_2022\code\design_pattern_2022\design_pattern_2022\x64\debug\facade.obj
d:\users\zzl\documents\github\designpattern_2022\code\design_pattern_2022\design_pattern_2022\x64\debug\composeprocessing.obj
d:\users\zzl\documents\github\designpattern_2022\code\design_pattern_2022\design_pattern_2022\x64\debug\comfactory.obj
d:\users\zzl\documents\github\designpattern_2022\code\design_pattern_2022\design_pattern_2022\x64\debug\chickeniterator.obj
d:\users\zzl\documents\github\designpattern_2022\code\design_pattern_2022\design_pattern_2022\x64\debug\chickenimpl.obj
d:\users\zzl\documents\github\designpattern_2022\code\design_pattern_2022\design_pattern_2022\x64\debug\chickenbuilderimpl.obj
d:\users\zzl\documents\github\designpattern_2022\code\design_pattern_2022\design_pattern_2022\x64\debug\center factory.obj
d:\users\zzl\documents\github\designpattern_2022\code\design_pattern_2022\design_pattern_2022\x64\debug\cattleiterator .obj
d:\users\zzl\documents\github\designpattern_2022\code\design_pattern_2022\design_pattern_2022\x64\debug\cattleimpl.obj
d:\users\zzl\documents\github\designpattern_2022\code\design_pattern_2022\design_pattern_2022\x64\debug\cattlebuilderimpl.obj
d:\users\zzl\documents\github\designpattern_2022\code\design_pattern_2022\design_pattern_2022\x64\debug\cattleadapter.obj
d:\users\zzl\documents\github\designpattern_2022\code\design_pattern_2022\design_pattern_2022\x64\debug\bridgemanage.obj
d:\users\zzl\documents\github\designpattern_2022\code\design_pattern_2022\design_pattern_2022\x64\debug\bridge.obj
d:\users\zzl\documents\github\designpattern_2022\code\design_pattern_2022\design_pattern_2022\x64\debug\animalprocessdaoimpl.obj
d:\users\zzl\documents\github\designpattern_2022\code\design_pattern_2022\design_pattern_2022\x64\debug\adapterprocessing.obj
d:\users\zzl\documents\github\designpattern_2022\code\design_pattern_2022\design_pattern_2022\x64\debug\visitor.obj
d:\users\zzl\documents\github\designpattern_2022\code\design_pattern_2022\design_pattern_2022\x64\debug\strategyprocessing.obj
d:\users\zzl\documents\github\designpattern_2022\code\design_pattern_2022\design_pattern_2022\x64\debug\statemanage.obj
d:\users\zzl\documents\github\designpattern_2022\code\design_pattern_2022\design_pattern_2022\x64\debug\state.obj
d:\users\zzl\documents\github\designpattern_2022\code\design_pattern_2022\design_pattern_2022\x64\debug\sellerimpl.obj
d:\users\zzl\documents\github\designpattern_2022\code\design_pattern_2022\design_pattern_2022\x64\debug\processingpig.obj
d:\users\zzl\documents\github\designpattern_2022\code\design_pattern_2022\design_pattern_2022\x64\debug\processingchicken.obj
d:\users\zzl\documents\github\designpattern_2022\code\design_pattern_2022\design_pattern_2022\x64\debug\processingcattle.obj
d:\users\zzl\documents\github\designpattern_2022\code\design_pattern_2022\design_pattern_2022\x64\debug\processfactoryimpl.obj
d:\users\zzl\documents\github\designpattern_2022\code\design_pattern_2022\design_pattern_2022\x64\debug\processfactory.obj
d:\users\zzl\documents\github\designpattern_2022\code\design_pattern_2022\design_pattern_2022\x64\debug\processchicken.obj
d:\users\zzl\documents\github\designpattern_2022\code\design_pattern_2022\design_pattern_2022\x64\debug\processcattlefactory.obj
d:\users\zzl\documents\github\designpattern_2022\code\design_pattern_2022\design_pattern_2022\x64\debug\processcattle.obj
d:\users\zzl\documents\github\designpattern_2022\code\design_pattern_2022\design_pattern_2022\x64\debug\observer.obj
d:\users\zzl\documents\github\designpattern_2022\code\design_pattern_2022\design_pattern_2022\x64\debug\memo.obj
d:\users\zzl\documents\github\designpattern_2022\code\design_pattern_2022\design_pattern_2022\x64\debug\market.obj
d:\users\zzl\documents\github\designpattern_2022\code\design_pattern_2022\design_pattern_2022\x64\debug\li_farmingfactory.obj
d:\users\zzl\documents\github\designpattern_2022\code\design_pattern_2022\design_pattern_2022\x64\debug\iteratorprocessing.obj
d:\users\zzl\documents\github\designpattern_2022\code\design_pattern_2022\design_pattern_2022\x64\debug\houseconstructorimpl.obj
d:\users\zzl\documents\github\designpattern_2022\code\design_pattern_2022\design_pattern_2022\x64\debug\flyweightmanage.obj
d:\users\zzl\documents\github\designpattern_2022\code\design_pattern_2022\design_pattern_2022\x64\debug\pigbuilderimpl.obj
d:\users\zzl\documents\github\designpattern_2022\code\design_pattern_2022\design_pattern_2022\x64\debug\main.obj
d:\users\zzl\documents\github\designpattern_2022\code\design_pattern_2022\design_pattern_2022\x64\debug\wang_farmingfactory.obj
d:\users\zzl\documents\github\designpattern_2022\code\design_pattern_2022\design_pattern_2022\x64\debug\visitormanage.obj
d:\users\zzl\documents\github\designpattern_2022\code\design_pattern_2022\design_pattern_2022\x64\debug\design_pattern_2022.ilk
d:\users\zzl\documents\github\designpattern_2022\code\design_pattern_2022\x64\debug\design_pattern_2022.exe
d:\users\zzl\documents\github\designpattern_2022\code\design_pattern_2022\x64\debug\design_pattern_2022.pdb
d:\github\designpattern_2022\designpattern_2022\code\design_pattern_2022\design_pattern_2022\x64\debug\adapterprocessing.obj
d:\github\designpattern_2022\designpattern_2022\code\design_pattern_2022\design_pattern_2022\x64\debug\animalprocessdaoimpl.obj
d:\github\designpattern_2022\designpattern_2022\code\design_pattern_2022\design_pattern_2022\x64\debug\bridge.obj
d:\github\designpattern_2022\designpattern_2022\code\design_pattern_2022\design_pattern_2022\x64\debug\bridgemanage.obj
d:\github\designpattern_2022\designpattern_2022\code\design_pattern_2022\design_pattern_2022\x64\debug\cattleadapter.obj
d:\github\designpattern_2022\designpattern_2022\code\design_pattern_2022\design_pattern_2022\x64\debug\cattlebuilderimpl.obj
d:\github\designpattern_2022\designpattern_2022\code\design_pattern_2022\design_pattern_2022\x64\debug\cattleimpl.obj
d:\github\designpattern_2022\designpattern_2022\code\design_pattern_2022\design_pattern_2022\x64\debug\cattleiterator .obj
d:\github\designpattern_2022\designpattern_2022\code\design_pattern_2022\design_pattern_2022\x64\debug\center factory.obj
d:\github\designpattern_2022\designpattern_2022\code\design_pattern_2022\design_pattern_2022\x64\debug\chickenbuilderimpl.obj
d:\github\designpattern_2022\designpattern_2022\code\design_pattern_2022\design_pattern_2022\x64\debug\chickenimpl.obj
d:\github\designpattern_2022\designpattern_2022\code\design_pattern_2022\design_pattern_2022\x64\debug\chickeniterator.obj
d:\github\designpattern_2022\designpattern_2022\code\design_pattern_2022\design_pattern_2022\x64\debug\comfactory.obj
d:\github\designpattern_2022\designpattern_2022\code\design_pattern_2022\design_pattern_2022\x64\debug\composeprocessing.obj
d:\github\designpattern_2022\designpattern_2022\code\design_pattern_2022\design_pattern_2022\x64\debug\db_init.obj
d:\github\designpattern_2022\designpattern_2022\code\design_pattern_2022\design_pattern_2022\x64\debug\facade.obj
d:\github\designpattern_2022\designpattern_2022\code\design_pattern_2022\design_pattern_2022\x64\debug\factory.obj
d:\github\designpattern_2022\designpattern_2022\code\design_pattern_2022\design_pattern_2022\x64\debug\farmingdaoimpl.obj
d:\github\designpattern_2022\designpattern_2022\code\design_pattern_2022\design_pattern_2022\x64\debug\farmstocking.obj
d:\github\designpattern_2022\designpattern_2022\code\design_pattern_2022\design_pattern_2022\x64\debug\flyweight.obj
d:\github\designpattern_2022\designpattern_2022\code\design_pattern_2022\design_pattern_2022\x64\debug\flyweightmanage.obj
d:\github\designpattern_2022\designpattern_2022\code\design_pattern_2022\design_pattern_2022\x64\debug\houseconstructorimpl.obj
d:\github\designpattern_2022\designpattern_2022\code\design_pattern_2022\design_pattern_2022\x64\debug\iteratorprocessing.obj
d:\github\designpattern_2022\designpattern_2022\code\design_pattern_2022\design_pattern_2022\x64\debug\li_farmingfactory.obj
d:\github\designpattern_2022\designpattern_2022\code\design_pattern_2022\design_pattern_2022\x64\debug\main.obj
d:\github\designpattern_2022\designpattern_2022\code\design_pattern_2022\design_pattern_2022\x64\debug\market.obj
d:\github\designpattern_2022\designpattern_2022\code\design_pattern_2022\design_pattern_2022\x64\debug\memo.obj
d:\github\designpattern_2022\designpattern_2022\code\design_pattern_2022\design_pattern_2022\x64\debug\observer.obj
d:\github\designpattern_2022\designpattern_2022\code\design_pattern_2022\design_pattern_2022\x64\debug\pigbuilderimpl.obj
d:\github\designpattern_2022\designpattern_2022\code\design_pattern_2022\design_pattern_2022\x64\debug\processcattle.obj
d:\github\designpattern_2022\designpattern_2022\code\design_pattern_2022\design_pattern_2022\x64\debug\processcattlefactory.obj
d:\github\designpattern_2022\designpattern_2022\code\design_pattern_2022\design_pattern_2022\x64\debug\processchicken.obj
d:\github\designpattern_2022\designpattern_2022\code\design_pattern_2022\design_pattern_2022\x64\debug\processfactory.obj
d:\github\designpattern_2022\designpattern_2022\code\design_pattern_2022\design_pattern_2022\x64\debug\processfactoryimpl.obj
d:\github\designpattern_2022\designpattern_2022\code\design_pattern_2022\design_pattern_2022\x64\debug\processingcattle.obj
d:\github\designpattern_2022\designpattern_2022\code\design_pattern_2022\design_pattern_2022\x64\debug\processingchicken.obj
d:\github\designpattern_2022\designpattern_2022\code\design_pattern_2022\design_pattern_2022\x64\debug\processingpig.obj
d:\github\designpattern_2022\designpattern_2022\code\design_pattern_2022\design_pattern_2022\x64\debug\sellerimpl.obj
d:\github\designpattern_2022\designpattern_2022\code\design_pattern_2022\design_pattern_2022\x64\debug\state.obj
d:\github\designpattern_2022\designpattern_2022\code\design_pattern_2022\design_pattern_2022\x64\debug\statemanage.obj
d:\github\designpattern_2022\designpattern_2022\code\design_pattern_2022\design_pattern_2022\x64\debug\strategyprocessing.obj
d:\github\designpattern_2022\designpattern_2022\code\design_pattern_2022\design_pattern_2022\x64\debug\visitor.obj
d:\github\designpattern_2022\designpattern_2022\code\design_pattern_2022\design_pattern_2022\x64\debug\visitormanage.obj
d:\github\designpattern_2022\designpattern_2022\code\design_pattern_2022\design_pattern_2022\x64\debug\wang_farmingfactory.obj
d:\github\designpattern_2022\designpattern_2022\code\design_pattern_2022\design_pattern_2022\x64\debug\design_pattern_2022.ilk
d:\github\designpattern_2022\designpattern_2022\code\design_pattern_2022\design_pattern_2022\x64\debug\vc143.idb
d:\github\designpattern_2022\designpattern_2022\code\design_pattern_2022\design_pattern_2022\x64\debug\vc143.pdb
d:\github\designpattern_2022\designpattern_2022\code\design_pattern_2022\x64\debug\design_pattern_2022.pdb
d:\github\designpattern_2022\designpattern_2022\code\design_pattern_2022\x64\debug\design_pattern_2022.exe
d:\github\designpattern_2022\designpattern_2022\code\design_pattern_2022\design_pattern_2022\x64\debug\design_p.e74a1e29.tlog\cl.command.1.tlog
d:\github\designpattern_2022\designpattern_2022\code\design_pattern_2022\design_pattern_2022\x64\debug\design_p.e74a1e29.tlog\cl.read.1.tlog
d:\github\designpattern_2022\designpattern_2022\code\design_pattern_2022\design_pattern_2022\x64\debug\design_p.e74a1e29.tlog\cl.write.1.tlog
d:\github\designpattern_2022\designpattern_2022\code\design_pattern_2022\design_pattern_2022\x64\debug\design_p.e74a1e29.tlog\link.command.1.tlog
d:\github\designpattern_2022\designpattern_2022\code\design_pattern_2022\design_pattern_2022\x64\debug\design_p.e74a1e29.tlog\link.read.1.tlog
d:\github\designpattern_2022\designpattern_2022\code\design_pattern_2022\design_pattern_2022\x64\debug\design_p.e74a1e29.tlog\link.write.1.tlog
